Connecting to database specified by database.yml
Connecting to database specified by database.yml
  [1m[36m (368.1ms)[0m  [1mCREATE TABLE `schema_migrations` (`version` varchar(255) NOT NULL) ENGINE=InnoDB[0m
  [1m[35m (374.0ms)[0m  CREATE UNIQUE INDEX `unique_schema_migrations` ON `schema_migrations` (`version`)
  [1m[36m (2.2ms)[0m  [1mSELECT `schema_migrations`.`version` FROM `schema_migrations` [0m
Migrating to CreateNames (20121002222156)
  [1m[35m (103.4ms)[0m  CREATE TABLE `names` (`id` int(11) DEFAULT NULL auto_increment PRIMARY KEY, `lastname` varchar(255), `email` varchar(255), `age` int(11), `created_at` datetime NOT NULL, `updated_at` datetime NOT NULL) ENGINE=InnoDB
  [1m[36m (0.9ms)[0m  [1mINSERT INTO `schema_migrations` (`version`) VALUES ('20121002222156')[0m
  [1m[35m (0.2ms)[0m  SELECT `schema_migrations`.`version` FROM `schema_migrations` 
Connecting to database specified by database.yml
Connecting to database specified by database.yml
Connecting to database specified by database.yml
  [1m[36m (1.4ms)[0m  [1mSELECT `schema_migrations`.`version` FROM `schema_migrations` [0m
Migrating to CreateAdmins (20121002222335)
  [1m[35m (41.9ms)[0m  CREATE TABLE `admins` (`id` int(11) DEFAULT NULL auto_increment PRIMARY KEY, `name` varchar(255), `lastname` varchar(255), `email` varchar(255), `age` int(11), `created_at` datetime NOT NULL, `updated_at` datetime NOT NULL) ENGINE=InnoDB
  [1m[36m (1.2ms)[0m  [1mINSERT INTO `schema_migrations` (`version`) VALUES ('20121002222335')[0m
  [1m[35m (0.2ms)[0m  SELECT `schema_migrations`.`version` FROM `schema_migrations` 


Started GET "/assets/rails.png" for 127.0.0.1 at 2012-10-02 16:24:57 -0600
Connecting to database specified by database.yml
Served asset /rails.png - 200 OK (5ms)


Started GET "/rails/info/properties" for 127.0.0.1 at 2012-10-02 16:24:59 -0600
  [1m[36m (1.4ms)[0m  [1mSELECT `schema_migrations`.`version` FROM `schema_migrations` [0m
Processing by Rails::InfoController#properties as */*
  Rendered inline template (1.7ms)
Completed 200 OK in 12ms (Views: 11.0ms | ActiveRecord: 0.0ms)


Started GET "/admins" for 127.0.0.1 at 2012-10-02 16:25:02 -0600
Processing by AdminsController#index as HTML
  [1m[35mAdmin Load (0.2ms)[0m  SELECT `admins`.* FROM `admins` 
  Rendered admins/index.html.erb within layouts/application (1.7ms)
Compiled admins.css  (14ms)  (pid 18579)
Compiled scaffolds.css  (12ms)  (pid 18579)
Compiled application.css  (68ms)  (pid 18579)
Compiled jquery.js  (3ms)  (pid 18579)
Compiled jquery_ujs.js  (0ms)  (pid 18579)
Compiled admins.js  (205ms)  (pid 18579)
Compiled application.js  (306ms)  (pid 18579)
Completed 200 OK in 548ms (Views: 490.2ms | ActiveRecord: 2.4ms)


Started GET "/assets/admins.css?body=1" for 127.0.0.1 at 2012-10-02 16:25:03 -0600
Served asset /admins.css - 200 OK (23ms)


Started GET "/assets/scaffolds.css?body=1" for 127.0.0.1 at 2012-10-02 16:25:03 -0600
Served asset /scaffolds.css - 200 OK (1ms)


Started GET "/assets/application.css?body=1" for 127.0.0.1 at 2012-10-02 16:25:03 -0600
Served asset /application.css - 200 OK (5ms)


Started GET "/assets/jquery_ujs.js?body=1" for 127.0.0.1 at 2012-10-02 16:25:03 -0600
Served asset /jquery_ujs.js - 200 OK (1ms)


Started GET "/assets/jquery.js?body=1" for 127.0.0.1 at 2012-10-02 16:25:03 -0600
Served asset /jquery.js - 200 OK (2ms)


Started GET "/assets/admins.js?body=1" for 127.0.0.1 at 2012-10-02 16:25:03 -0600
Served asset /admins.js - 200 OK (2ms)


Started GET "/assets/application.js?body=1" for 127.0.0.1 at 2012-10-02 16:25:03 -0600
Served asset /application.js - 200 OK (5ms)
Connecting to database specified by database.yml
Connecting to database specified by database.yml
  [1m[36m (1.5ms)[0m  [1mSELECT `schema_migrations`.`version` FROM `schema_migrations` [0m
Migrating to CreateAdmins (20121002222335)
Migrating to CreatePosts (20121002222727)
  [1m[35m (107.8ms)[0m  CREATE TABLE `posts` (`id` int(11) DEFAULT NULL auto_increment PRIMARY KEY, `admin_id` int(11), `title` varchar(255), `description` text, `created_at` datetime NOT NULL, `updated_at` datetime NOT NULL) ENGINE=InnoDB
  [1m[36m (280.1ms)[0m  [1mCREATE INDEX `index_posts_on_admin_id` ON `posts` (`admin_id`)[0m
  [1m[35m (0.9ms)[0m  INSERT INTO `schema_migrations` (`version`) VALUES ('20121002222727')
  [1m[36m (0.2ms)[0m  [1mSELECT `schema_migrations`.`version` FROM `schema_migrations` [0m
Connecting to database specified by database.yml
Connecting to database specified by database.yml
Connecting to database specified by database.yml
Connecting to database specified by database.yml
  [1m[36m (1.5ms)[0m  [1mSELECT `schema_migrations`.`version` FROM `schema_migrations` [0m
Migrating to CreateAdmins (20121002222335)
Migrating to CreatePosts (20121002222727)
Migrating to CreateBlockKinds (20121002222940)
  [1m[35m (84.5ms)[0m  CREATE TABLE `block_kinds` (`id` int(11) DEFAULT NULL auto_increment PRIMARY KEY, `title` varchar(255), `description` text, `created_at` datetime NOT NULL, `updated_at` datetime NOT NULL) ENGINE=InnoDB
  [1m[36m (1.3ms)[0m  [1mINSERT INTO `schema_migrations` (`version`) VALUES ('20121002222940')[0m
Migrating to CreatePages (20121002223005)
  [1m[35m (214.3ms)[0m  CREATE TABLE `pages` (`id` int(11) DEFAULT NULL auto_increment PRIMARY KEY, `admin_id` int(11), `title` varchar(255), `created_at` datetime NOT NULL, `updated_at` datetime NOT NULL) ENGINE=InnoDB
  [1m[36m (97.6ms)[0m  [1mCREATE INDEX `index_pages_on_admin_id` ON `pages` (`admin_id`)[0m
  [1m[35m (20.2ms)[0m  INSERT INTO `schema_migrations` (`version`) VALUES ('20121002223005')
Migrating to CreatePageBlockKinds (20121002223045)
  [1m[36m (82.6ms)[0m  [1mCREATE TABLE `page_block_kinds` (`id` int(11) DEFAULT NULL auto_increment PRIMARY KEY, `page_id` int(11), `block_kind_id` int(11), `created_at` datetime NOT NULL, `updated_at` datetime NOT NULL) ENGINE=InnoDB[0m
  [1m[35m (157.6ms)[0m  CREATE INDEX `index_page_block_kinds_on_page_id` ON `page_block_kinds` (`page_id`)
  [1m[36m (132.0ms)[0m  [1mCREATE INDEX `index_page_block_kinds_on_block_kind_id` ON `page_block_kinds` (`block_kind_id`)[0m
  [1m[35m (1.2ms)[0m  INSERT INTO `schema_migrations` (`version`) VALUES ('20121002223045')
  [1m[36m (0.2ms)[0m  [1mSELECT `schema_migrations`.`version` FROM `schema_migrations` [0m
Connecting to database specified by database.yml
Connecting to database specified by database.yml
Connecting to database specified by database.yml
Connecting to database specified by database.yml
  [1m[36m (1.5ms)[0m  [1mSELECT `schema_migrations`.`version` FROM `schema_migrations` [0m
Migrating to CreateAdmins (20121002222335)
Migrating to CreatePosts (20121002222727)
Migrating to CreateBlockKinds (20121002222940)
Migrating to CreatePages (20121002223005)
Migrating to CreatePageBlockKinds (20121002223045)
Migrating to DeviseCreateUsers (20121002224234)
  [1m[35m (127.3ms)[0m  CREATE TABLE `users` (`id` int(11) DEFAULT NULL auto_increment PRIMARY KEY, `email` varchar(255) DEFAULT '' NOT NULL, `encrypted_password` varchar(255) DEFAULT '' NOT NULL, `reset_password_token` varchar(255), `reset_password_sent_at` datetime, `remember_created_at` datetime, `sign_in_count` int(11) DEFAULT 0, `current_sign_in_at` datetime, `last_sign_in_at` datetime, `current_sign_in_ip` varchar(255), `last_sign_in_ip` varchar(255), `name` varchar(255), `lastname` varchar(255), `bio` text, `created_at` datetime NOT NULL, `updated_at` datetime NOT NULL) ENGINE=InnoDB
  [1m[36m (286.3ms)[0m  [1mCREATE UNIQUE INDEX `index_users_on_email` ON `users` (`email`)[0m
  [1m[35m (116.4ms)[0m  CREATE UNIQUE INDEX `index_users_on_reset_password_token` ON `users` (`reset_password_token`)
  [1m[36m (1.0ms)[0m  [1mINSERT INTO `schema_migrations` (`version`) VALUES ('20121002224234')[0m
  [1m[35m (0.5ms)[0m  SELECT `schema_migrations`.`version` FROM `schema_migrations` 
Connecting to database specified by database.yml
Connecting to database specified by database.yml
  [1m[36m (18.2ms)[0m  [1mSELECT `schema_migrations`.`version` FROM `schema_migrations` [0m
Migrating to CreateAdmins (20121002222335)
Migrating to CreatePosts (20121002222727)
Migrating to CreateBlockKinds (20121002222940)
Migrating to CreatePages (20121002223005)
Migrating to CreatePageBlockKinds (20121002223045)
Migrating to DeviseCreateUsers (20121002224234)
Migrating to CreateComments (20121002224858)
  [1m[35m (82.2ms)[0m  CREATE TABLE `comments` (`id` int(11) DEFAULT NULL auto_increment PRIMARY KEY, `user_id` int(11), `comment` text, `parent_id` int(11) DEFAULT 0, `parent_kind` varchar(255) DEFAULT '', `created_at` datetime NOT NULL, `updated_at` datetime NOT NULL) ENGINE=InnoDB
  [1m[36m (202.1ms)[0m  [1mCREATE INDEX `index_comments_on_user_id` ON `comments` (`user_id`)[0m
  [1m[35m (37.6ms)[0m  INSERT INTO `schema_migrations` (`version`) VALUES ('20121002224858')
  [1m[36m (21.8ms)[0m  [1mSELECT `schema_migrations`.`version` FROM `schema_migrations` [0m
Connecting to database specified by database.yml
  [1m[36m (1.5ms)[0m  [1mSELECT `schema_migrations`.`version` FROM `schema_migrations` [0m
  [1m[35m (0.4ms)[0m  SELECT `schema_migrations`.`version` FROM `schema_migrations` 
Migrating to CreateComments (20121002224858)
  [1m[36m (108.3ms)[0m  [1mDROP INDEX `index_comments_on_user_id` ON `comments`[0m
  [1m[35m (0.9ms)[0m  DROP TABLE `comments`
  [1m[36m (0.5ms)[0m  [1mDELETE FROM `schema_migrations` WHERE `schema_migrations`.`version` = '20121002224858'[0m
  [1m[35m (0.3ms)[0m  SELECT `schema_migrations`.`version` FROM `schema_migrations` 
Connecting to database specified by database.yml
  [1m[36m (1.6ms)[0m  [1mSELECT `schema_migrations`.`version` FROM `schema_migrations` [0m
Migrating to CreateAdmins (20121002222335)
Migrating to CreatePosts (20121002222727)
Migrating to CreateBlockKinds (20121002222940)
Migrating to CreatePages (20121002223005)
Migrating to CreatePageBlockKinds (20121002223045)
Migrating to DeviseCreateUsers (20121002224234)
Migrating to CreateComments (20121002224858)
  [1m[35m (305.4ms)[0m  CREATE TABLE `comments` (`id` int(11) DEFAULT NULL auto_increment PRIMARY KEY, `user_id` int(11), `comment` text, `parent_id` int(11) DEFAULT 0, `parent_type` varchar(255) DEFAULT '', `created_at` datetime NOT NULL, `updated_at` datetime NOT NULL) ENGINE=InnoDB
  [1m[36m (121.5ms)[0m  [1mCREATE INDEX `index_comments_on_user_id` ON `comments` (`user_id`)[0m
  [1m[35m (2.8ms)[0m  INSERT INTO `schema_migrations` (`version`) VALUES ('20121002224858')
  [1m[36m (0.2ms)[0m  [1mSELECT `schema_migrations`.`version` FROM `schema_migrations` [0m
Connecting to database specified by database.yml


Started GET "/" for 127.0.0.1 at 2012-10-02 17:08:23 -0600

NoMethodError (undefined method `devise_for' for #<ActionDispatch::Routing::Mapper:0x000001038c3dc8>):
  config/routes.rb:4:in `block in <top (required)>'
  config/routes.rb:1:in `<top (required)>'


  Rendered /usr/local/rvm/gems/ruby-1.9.3-p194@r328/gems/actionpack-3.2.8/lib/action_dispatch/middleware/templates/rescues/_trace.erb (1.4ms)
  Rendered /usr/local/rvm/gems/ruby-1.9.3-p194@r328/gems/actionpack-3.2.8/lib/action_dispatch/middleware/templates/rescues/_request_and_response.erb (1.6ms)
  Rendered /usr/local/rvm/gems/ruby-1.9.3-p194@r328/gems/actionpack-3.2.8/lib/action_dispatch/middleware/templates/rescues/diagnostics.erb within rescues/layout (30.9ms)


Started GET "/" for 127.0.0.1 at 2012-10-02 17:08:51 -0600
Processing by MainController#index as HTML
  Rendered main/index.html.erb within layouts/application (0.4ms)
Compiled block_kinds.css  (1ms)  (pid 18579)
Compiled main.css  (2ms)  (pid 18579)
Compiled application.css  (20ms)  (pid 18579)
Compiled block_kinds.js  (142ms)  (pid 18579)
Compiled main.js  (79ms)  (pid 18579)
Compiled application.js  (240ms)  (pid 18579)
Completed 200 OK in 580ms (Views: 574.5ms | ActiveRecord: 0.0ms)


Started GET "/assets/block_kinds.css?body=1" for 127.0.0.1 at 2012-10-02 17:08:52 -0600
Served asset /block_kinds.css - 200 OK (1ms)


Started GET "/assets/admins.css?body=1" for 127.0.0.1 at 2012-10-02 17:08:52 -0600
Served asset /admins.css - 304 Not Modified (0ms)


Started GET "/assets/main.css?body=1" for 127.0.0.1 at 2012-10-02 17:08:52 -0600
Served asset /main.css - 200 OK (1ms)


Started GET "/assets/application.css?body=1" for 127.0.0.1 at 2012-10-02 17:08:52 -0600
Served asset /application.css - 304 Not Modified (11ms)


Started GET "/assets/scaffolds.css?body=1" for 127.0.0.1 at 2012-10-02 17:08:52 -0600
Served asset /scaffolds.css - 304 Not Modified (0ms)


Started GET "/assets/block_kinds.js?body=1" for 127.0.0.1 at 2012-10-02 17:08:52 -0600
Served asset /block_kinds.js - 200 OK (1ms)


Started GET "/assets/main.js?body=1" for 127.0.0.1 at 2012-10-02 17:08:52 -0600
Served asset /main.js - 200 OK (2ms)


Started GET "/assets/jquery.js?body=1" for 127.0.0.1 at 2012-10-02 17:08:52 -0600
Served asset /jquery.js - 304 Not Modified (0ms)


Started GET "/assets/jquery_ujs.js?body=1" for 127.0.0.1 at 2012-10-02 17:08:52 -0600
Served asset /jquery_ujs.js - 304 Not Modified (0ms)


Started GET "/assets/admins.js?body=1" for 127.0.0.1 at 2012-10-02 17:08:52 -0600
Served asset /admins.js - 304 Not Modified (0ms)


Started GET "/assets/application.js?body=1" for 127.0.0.1 at 2012-10-02 17:08:52 -0600
Served asset /application.js - 304 Not Modified (5ms)


Started GET "/" for 127.0.0.1 at 2012-10-02 17:11:09 -0600
Processing by MainController#index as HTML
  Rendered main/index.html.erb within layouts/application (0.1ms)
Completed 200 OK in 7ms (Views: 6.1ms | ActiveRecord: 0.0ms)


Started GET "/assets/block_kinds.css?body=1" for 127.0.0.1 at 2012-10-02 17:11:09 -0600
Served asset /block_kinds.css - 304 Not Modified (0ms)


Started GET "/assets/application.css?body=1" for 127.0.0.1 at 2012-10-02 17:11:09 -0600
Served asset /application.css - 304 Not Modified (0ms)


Started GET "/assets/main.css?body=1" for 127.0.0.1 at 2012-10-02 17:11:09 -0600
Served asset /main.css - 304 Not Modified (0ms)


Started GET "/assets/admins.css?body=1" for 127.0.0.1 at 2012-10-02 17:11:09 -0600
Served asset /admins.css - 304 Not Modified (0ms)


Started GET "/assets/scaffolds.css?body=1" for 127.0.0.1 at 2012-10-02 17:11:09 -0600
Served asset /scaffolds.css - 304 Not Modified (0ms)


Started GET "/assets/jquery.js?body=1" for 127.0.0.1 at 2012-10-02 17:11:09 -0600
Served asset /jquery.js - 304 Not Modified (0ms)


Started GET "/assets/jquery_ujs.js?body=1" for 127.0.0.1 at 2012-10-02 17:11:10 -0600
Served asset /jquery_ujs.js - 304 Not Modified (0ms)


Started GET "/assets/admins.js?body=1" for 127.0.0.1 at 2012-10-02 17:11:10 -0600
Served asset /admins.js - 304 Not Modified (0ms)


Started GET "/assets/main.js?body=1" for 127.0.0.1 at 2012-10-02 17:11:10 -0600
Served asset /main.js - 304 Not Modified (0ms)


Started GET "/assets/application.js?body=1" for 127.0.0.1 at 2012-10-02 17:11:10 -0600
Served asset /application.js - 304 Not Modified (0ms)


Started GET "/assets/block_kinds.js?body=1" for 127.0.0.1 at 2012-10-02 17:11:10 -0600
Served asset /block_kinds.js - 304 Not Modified (0ms)


Started GET "/" for 127.0.0.1 at 2012-10-02 17:12:51 -0600
Processing by MainController#index as HTML
  [1m[36mPost Load (0.2ms)[0m  [1mSELECT `posts`.* FROM `posts` ORDER BY id DESC LIMIT 5[0m
  Rendered application/_post.html.erb (0.0ms)
  Rendered main/index.html.erb within layouts/application (30.9ms)
Completed 200 OK in 39ms (Views: 35.4ms | ActiveRecord: 3.0ms)


Started GET "/assets/application.css?body=1" for 127.0.0.1 at 2012-10-02 17:12:51 -0600
Served asset /application.css - 304 Not Modified (1ms)


Started GET "/assets/scaffolds.css?body=1" for 127.0.0.1 at 2012-10-02 17:12:51 -0600
Served asset /scaffolds.css - 304 Not Modified (0ms)


Started GET "/assets/main.css?body=1" for 127.0.0.1 at 2012-10-02 17:12:51 -0600
Served asset /main.css - 304 Not Modified (0ms)


Started GET "/assets/block_kinds.css?body=1" for 127.0.0.1 at 2012-10-02 17:12:51 -0600
Served asset /block_kinds.css - 304 Not Modified (0ms)


Started GET "/assets/admins.css?body=1" for 127.0.0.1 at 2012-10-02 17:12:51 -0600
Served asset /admins.css - 304 Not Modified (0ms)


Started GET "/assets/jquery.js?body=1" for 127.0.0.1 at 2012-10-02 17:12:51 -0600
Served asset /jquery.js - 304 Not Modified (0ms)


Started GET "/assets/jquery_ujs.js?body=1" for 127.0.0.1 at 2012-10-02 17:12:51 -0600
Served asset /jquery_ujs.js - 304 Not Modified (0ms)


Started GET "/assets/admins.js?body=1" for 127.0.0.1 at 2012-10-02 17:12:51 -0600
Served asset /admins.js - 304 Not Modified (0ms)


Started GET "/assets/block_kinds.js?body=1" for 127.0.0.1 at 2012-10-02 17:12:51 -0600
Served asset /block_kinds.js - 304 Not Modified (0ms)


Started GET "/assets/main.js?body=1" for 127.0.0.1 at 2012-10-02 17:12:51 -0600
Served asset /main.js - 304 Not Modified (0ms)


Started GET "/assets/application.js?body=1" for 127.0.0.1 at 2012-10-02 17:12:51 -0600
Served asset /application.js - 304 Not Modified (0ms)


Started GET "/" for 127.0.0.1 at 2012-10-02 17:12:57 -0600
Processing by MainController#index as HTML
  [1m[35mPost Load (0.3ms)[0m  SELECT `posts`.* FROM `posts` ORDER BY id DESC LIMIT 5
  Rendered application/_post.html.erb (0.0ms)
  Rendered main/index.html.erb within layouts/application (1.4ms)
Completed 200 OK in 8ms (Views: 7.4ms | ActiveRecord: 0.3ms)


Started GET "/assets/block_kinds.css?body=1" for 127.0.0.1 at 2012-10-02 17:12:58 -0600
Served asset /block_kinds.css - 304 Not Modified (0ms)


Started GET "/assets/main.css?body=1" for 127.0.0.1 at 2012-10-02 17:12:58 -0600
Served asset /main.css - 304 Not Modified (0ms)


Started GET "/assets/application.css?body=1" for 127.0.0.1 at 2012-10-02 17:12:58 -0600
Served asset /application.css - 304 Not Modified (0ms)


Started GET "/assets/admins.css?body=1" for 127.0.0.1 at 2012-10-02 17:12:58 -0600
Served asset /admins.css - 304 Not Modified (0ms)


Started GET "/assets/jquery.js?body=1" for 127.0.0.1 at 2012-10-02 17:12:58 -0600
Served asset /jquery.js - 304 Not Modified (0ms)


Started GET "/assets/scaffolds.css?body=1" for 127.0.0.1 at 2012-10-02 17:12:58 -0600
Served asset /scaffolds.css - 304 Not Modified (0ms)


Started GET "/assets/jquery_ujs.js?body=1" for 127.0.0.1 at 2012-10-02 17:12:58 -0600
Served asset /jquery_ujs.js - 304 Not Modified (0ms)


Started GET "/assets/admins.js?body=1" for 127.0.0.1 at 2012-10-02 17:12:58 -0600
Served asset /admins.js - 304 Not Modified (0ms)


Started GET "/assets/block_kinds.js?body=1" for 127.0.0.1 at 2012-10-02 17:12:58 -0600
Served asset /block_kinds.js - 304 Not Modified (0ms)


Started GET "/assets/application.js?body=1" for 127.0.0.1 at 2012-10-02 17:12:58 -0600
Served asset /application.js - 304 Not Modified (0ms)


Started GET "/assets/main.js?body=1" for 127.0.0.1 at 2012-10-02 17:12:58 -0600
Served asset /main.js - 304 Not Modified (0ms)


Started GET "/posts" for 127.0.0.1 at 2012-10-02 17:13:02 -0600

ActionController::RoutingError (No route matches [GET] "/posts"):
  actionpack (3.2.8) lib/action_dispatch/middleware/debug_exceptions.rb:21:in `call'
  actionpack (3.2.8) lib/action_dispatch/middleware/show_exceptions.rb:56:in `call'
  railties (3.2.8) lib/rails/rack/logger.rb:26:in `call_app'
  railties (3.2.8) lib/rails/rack/logger.rb:16:in `call'
  actionpack (3.2.8) lib/action_dispatch/middleware/request_id.rb:22:in `call'
  rack (1.4.1) lib/rack/methodoverride.rb:21:in `call'
  rack (1.4.1) lib/rack/runtime.rb:17:in `call'
  activesupport (3.2.8) lib/active_support/cache/strategy/local_cache.rb:72:in `call'
  rack (1.4.1) lib/rack/lock.rb:15:in `call'
  actionpack (3.2.8) lib/action_dispatch/middleware/static.rb:62:in `call'
  railties (3.2.8) lib/rails/engine.rb:479:in `call'
  railties (3.2.8) lib/rails/application.rb:223:in `call'
  rack (1.4.1) lib/rack/content_length.rb:14:in `call'
  railties (3.2.8) lib/rails/rack/log_tailer.rb:17:in `call'
  rack (1.4.1) lib/rack/handler/webrick.rb:59:in `service'
  /usr/local/rvm/rubies/ruby-1.9.3-p194/lib/ruby/1.9.1/webrick/httpserver.rb:138:in `service'
  /usr/local/rvm/rubies/ruby-1.9.3-p194/lib/ruby/1.9.1/webrick/httpserver.rb:94:in `run'
  /usr/local/rvm/rubies/ruby-1.9.3-p194/lib/ruby/1.9.1/webrick/server.rb:191:in `block in start_thread'


  Rendered /usr/local/rvm/gems/ruby-1.9.3-p194@r328/gems/actionpack-3.2.8/lib/action_dispatch/middleware/templates/rescues/routing_error.erb within rescues/layout (1.0ms)


Started GET "/" for 127.0.0.1 at 2012-10-02 17:14:07 -0600
Processing by MainController#index as HTML
  [1m[36mPost Load (0.3ms)[0m  [1mSELECT `posts`.* FROM `posts` ORDER BY id DESC LIMIT 5[0m
  Rendered application/_post.html.erb (52.4ms)
  Rendered main/index.html.erb within layouts/application (61.7ms)
Completed 200 OK in 68ms (Views: 67.5ms | ActiveRecord: 0.3ms)


Started GET "/assets/admins.css?body=1" for 127.0.0.1 at 2012-10-02 17:14:07 -0600
Served asset /admins.css - 304 Not Modified (0ms)


Started GET "/assets/block_kinds.css?body=1" for 127.0.0.1 at 2012-10-02 17:14:07 -0600
Served asset /block_kinds.css - 304 Not Modified (0ms)


Started GET "/assets/application.css?body=1" for 127.0.0.1 at 2012-10-02 17:14:07 -0600
Served asset /application.css - 304 Not Modified (0ms)


Started GET "/assets/main.css?body=1" for 127.0.0.1 at 2012-10-02 17:14:07 -0600
Served asset /main.css - 304 Not Modified (0ms)


Started GET "/assets/jquery.js?body=1" for 127.0.0.1 at 2012-10-02 17:14:07 -0600
Served asset /jquery.js - 304 Not Modified (0ms)


Started GET "/assets/scaffolds.css?body=1" for 127.0.0.1 at 2012-10-02 17:14:07 -0600
Served asset /scaffolds.css - 304 Not Modified (0ms)


Started GET "/assets/jquery_ujs.js?body=1" for 127.0.0.1 at 2012-10-02 17:14:07 -0600
Served asset /jquery_ujs.js - 304 Not Modified (0ms)


Started GET "/assets/admins.js?body=1" for 127.0.0.1 at 2012-10-02 17:14:07 -0600
Served asset /admins.js - 304 Not Modified (0ms)


Started GET "/assets/block_kinds.js?body=1" for 127.0.0.1 at 2012-10-02 17:14:07 -0600
Served asset /block_kinds.js - 304 Not Modified (0ms)


Started GET "/assets/main.js?body=1" for 127.0.0.1 at 2012-10-02 17:14:07 -0600
Served asset /main.js - 304 Not Modified (0ms)


Started GET "/assets/application.js?body=1" for 127.0.0.1 at 2012-10-02 17:14:07 -0600
Served asset /application.js - 304 Not Modified (0ms)


Started GET "/" for 127.0.0.1 at 2012-10-02 17:14:52 -0600
Processing by MainController#index as HTML
  [1m[35mPost Load (0.4ms)[0m  SELECT `posts`.* FROM `posts` ORDER BY id DESC LIMIT 5
  Rendered application/_post.html.erb (0.9ms)
  Rendered main/index.html.erb within layouts/application (3.7ms)
Completed 200 OK in 13ms (Views: 12.4ms | ActiveRecord: 0.4ms)


Started GET "/assets/admins.css?body=1" for 127.0.0.1 at 2012-10-02 17:14:52 -0600
Served asset /admins.css - 304 Not Modified (0ms)


Started GET "/assets/block_kinds.css?body=1" for 127.0.0.1 at 2012-10-02 17:14:52 -0600
Served asset /block_kinds.css - 304 Not Modified (0ms)


Started GET "/assets/application.css?body=1" for 127.0.0.1 at 2012-10-02 17:14:52 -0600
Served asset /application.css - 304 Not Modified (0ms)


Started GET "/assets/main.css?body=1" for 127.0.0.1 at 2012-10-02 17:14:52 -0600
Served asset /main.css - 304 Not Modified (0ms)


Started GET "/assets/scaffolds.css?body=1" for 127.0.0.1 at 2012-10-02 17:14:52 -0600
Served asset /scaffolds.css - 304 Not Modified (0ms)


Started GET "/assets/jquery.js?body=1" for 127.0.0.1 at 2012-10-02 17:14:52 -0600
Served asset /jquery.js - 304 Not Modified (0ms)


Started GET "/assets/jquery_ujs.js?body=1" for 127.0.0.1 at 2012-10-02 17:14:52 -0600
Served asset /jquery_ujs.js - 304 Not Modified (0ms)


Started GET "/assets/block_kinds.js?body=1" for 127.0.0.1 at 2012-10-02 17:14:52 -0600
Served asset /block_kinds.js - 304 Not Modified (0ms)


Started GET "/assets/admins.js?body=1" for 127.0.0.1 at 2012-10-02 17:14:52 -0600
Served asset /admins.js - 304 Not Modified (0ms)


Started GET "/assets/application.js?body=1" for 127.0.0.1 at 2012-10-02 17:14:52 -0600
Served asset /application.js - 304 Not Modified (0ms)


Started GET "/assets/main.js?body=1" for 127.0.0.1 at 2012-10-02 17:14:52 -0600
Served asset /main.js - 304 Not Modified (0ms)


Started GET "/" for 127.0.0.1 at 2012-10-02 17:15:07 -0600
Processing by MainController#index as HTML
  [1m[36mPost Load (0.3ms)[0m  [1mSELECT `posts`.* FROM `posts` ORDER BY id DESC LIMIT 5[0m
  Rendered application/_post.html.erb (0.6ms)
  Rendered main/index.html.erb within layouts/application (2.5ms)
Completed 200 OK in 11ms (Views: 10.3ms | ActiveRecord: 0.3ms)


Started GET "/assets/application.css?body=1" for 127.0.0.1 at 2012-10-02 17:15:07 -0600
Served asset /application.css - 304 Not Modified (0ms)


Started GET "/assets/admins.css?body=1" for 127.0.0.1 at 2012-10-02 17:15:07 -0600
Served asset /admins.css - 304 Not Modified (0ms)


Started GET "/assets/block_kinds.css?body=1" for 127.0.0.1 at 2012-10-02 17:15:07 -0600
Served asset /block_kinds.css - 304 Not Modified (0ms)


Started GET "/assets/main.css?body=1" for 127.0.0.1 at 2012-10-02 17:15:07 -0600
Served asset /main.css - 304 Not Modified (0ms)


Started GET "/assets/jquery.js?body=1" for 127.0.0.1 at 2012-10-02 17:15:07 -0600
Served asset /jquery.js - 304 Not Modified (0ms)


Started GET "/assets/scaffolds.css?body=1" for 127.0.0.1 at 2012-10-02 17:15:07 -0600
Served asset /scaffolds.css - 304 Not Modified (0ms)


Started GET "/assets/jquery_ujs.js?body=1" for 127.0.0.1 at 2012-10-02 17:15:07 -0600
Served asset /jquery_ujs.js - 304 Not Modified (0ms)


Started GET "/assets/admins.js?body=1" for 127.0.0.1 at 2012-10-02 17:15:07 -0600
Served asset /admins.js - 304 Not Modified (0ms)


Started GET "/assets/block_kinds.js?body=1" for 127.0.0.1 at 2012-10-02 17:15:07 -0600
Served asset /block_kinds.js - 304 Not Modified (0ms)


Started GET "/assets/main.js?body=1" for 127.0.0.1 at 2012-10-02 17:15:07 -0600
Served asset /main.js - 304 Not Modified (0ms)


Started GET "/assets/application.js?body=1" for 127.0.0.1 at 2012-10-02 17:15:07 -0600
Served asset /application.js - 304 Not Modified (0ms)


Started GET "/" for 127.0.0.1 at 2012-10-02 17:15:41 -0600
Processing by MainController#index as HTML
  [1m[35mPost Load (0.5ms)[0m  SELECT `posts`.* FROM `posts` ORDER BY id DESC LIMIT 5
  Rendered application/_post.html.erb (0.3ms)
  Rendered main/index.html.erb within layouts/application (25.1ms)
Completed 200 OK in 32ms (Views: 31.3ms | ActiveRecord: 0.5ms)


Started GET "/assets/admins.css?body=1" for 127.0.0.1 at 2012-10-02 17:15:41 -0600
Served asset /admins.css - 304 Not Modified (0ms)


Started GET "/assets/scaffolds.css?body=1" for 127.0.0.1 at 2012-10-02 17:15:41 -0600
Served asset /scaffolds.css - 304 Not Modified (0ms)


Started GET "/assets/application.css?body=1" for 127.0.0.1 at 2012-10-02 17:15:41 -0600
Served asset /application.css - 304 Not Modified (0ms)


Started GET "/assets/block_kinds.css?body=1" for 127.0.0.1 at 2012-10-02 17:15:41 -0600
Served asset /block_kinds.css - 304 Not Modified (0ms)


Started GET "/assets/main.css?body=1" for 127.0.0.1 at 2012-10-02 17:15:41 -0600
Served asset /main.css - 304 Not Modified (0ms)


Started GET "/assets/jquery.js?body=1" for 127.0.0.1 at 2012-10-02 17:15:41 -0600
Served asset /jquery.js - 304 Not Modified (0ms)


Started GET "/assets/jquery_ujs.js?body=1" for 127.0.0.1 at 2012-10-02 17:15:41 -0600
Served asset /jquery_ujs.js - 304 Not Modified (0ms)


Started GET "/assets/admins.js?body=1" for 127.0.0.1 at 2012-10-02 17:15:41 -0600
Served asset /admins.js - 304 Not Modified (0ms)


Started GET "/assets/block_kinds.js?body=1" for 127.0.0.1 at 2012-10-02 17:15:41 -0600
Served asset /block_kinds.js - 304 Not Modified (0ms)


Started GET "/assets/main.js?body=1" for 127.0.0.1 at 2012-10-02 17:15:41 -0600
Served asset /main.js - 304 Not Modified (0ms)


Started GET "/assets/application.js?body=1" for 127.0.0.1 at 2012-10-02 17:15:41 -0600
Served asset /application.js - 304 Not Modified (0ms)


Started GET "/" for 127.0.0.1 at 2012-10-02 17:18:53 -0600
Processing by MainController#index as HTML
  [1m[36mPost Load (0.2ms)[0m  [1mSELECT `posts`.* FROM `posts` ORDER BY id DESC LIMIT 5[0m
  Rendered application/_post.html.erb (1.7ms)
  Rendered main/index.html.erb within layouts/application (13.1ms)
Completed 200 OK in 29ms (Views: 18.4ms | ActiveRecord: 2.3ms)


Started GET "/assets/application.css?body=1" for 127.0.0.1 at 2012-10-02 17:18:53 -0600
Served asset /application.css - 304 Not Modified (0ms)


Started GET "/assets/scaffolds.css?body=1" for 127.0.0.1 at 2012-10-02 17:18:53 -0600
Served asset /scaffolds.css - 304 Not Modified (0ms)


Started GET "/assets/main.css?body=1" for 127.0.0.1 at 2012-10-02 17:18:53 -0600
Served asset /main.css - 304 Not Modified (0ms)


Started GET "/assets/block_kinds.css?body=1" for 127.0.0.1 at 2012-10-02 17:18:53 -0600
Served asset /block_kinds.css - 304 Not Modified (0ms)


Started GET "/assets/admins.css?body=1" for 127.0.0.1 at 2012-10-02 17:18:53 -0600
Served asset /admins.css - 304 Not Modified (0ms)


Started GET "/assets/jquery.js?body=1" for 127.0.0.1 at 2012-10-02 17:18:53 -0600
Served asset /jquery.js - 304 Not Modified (0ms)


Started GET "/assets/jquery_ujs.js?body=1" for 127.0.0.1 at 2012-10-02 17:18:53 -0600
Served asset /jquery_ujs.js - 304 Not Modified (0ms)


Started GET "/assets/admins.js?body=1" for 127.0.0.1 at 2012-10-02 17:18:53 -0600
Served asset /admins.js - 304 Not Modified (0ms)


Started GET "/assets/main.js?body=1" for 127.0.0.1 at 2012-10-02 17:18:53 -0600
Served asset /main.js - 304 Not Modified (0ms)


Started GET "/assets/block_kinds.js?body=1" for 127.0.0.1 at 2012-10-02 17:18:53 -0600
Served asset /block_kinds.js - 304 Not Modified (0ms)


Started GET "/assets/application.js?body=1" for 127.0.0.1 at 2012-10-02 17:18:53 -0600
Served asset /application.js - 304 Not Modified (0ms)


Started GET "/" for 127.0.0.1 at 2012-10-02 17:19:40 -0600
Processing by MainController#index as HTML
  [1m[35mPost Load (0.4ms)[0m  SELECT `posts`.* FROM `posts` ORDER BY id DESC LIMIT 5
  Rendered application/_post.html.erb (1.5ms)
  Rendered main/index.html.erb within layouts/application (4.4ms)
Completed 200 OK in 12ms (Views: 11.0ms | ActiveRecord: 0.4ms)


Started GET "/assets/admins.css?body=1" for 127.0.0.1 at 2012-10-02 17:19:40 -0600
Served asset /admins.css - 304 Not Modified (0ms)


Started GET "/assets/application.css?body=1" for 127.0.0.1 at 2012-10-02 17:19:41 -0600
Served asset /application.css - 304 Not Modified (0ms)


Started GET "/assets/main.css?body=1" for 127.0.0.1 at 2012-10-02 17:19:41 -0600
Served asset /main.css - 304 Not Modified (0ms)


Started GET "/assets/scaffolds.css?body=1" for 127.0.0.1 at 2012-10-02 17:19:41 -0600
Served asset /scaffolds.css - 304 Not Modified (0ms)


Started GET "/assets/block_kinds.css?body=1" for 127.0.0.1 at 2012-10-02 17:19:41 -0600
Served asset /block_kinds.css - 304 Not Modified (0ms)


Started GET "/assets/jquery.js?body=1" for 127.0.0.1 at 2012-10-02 17:19:41 -0600
Served asset /jquery.js - 304 Not Modified (0ms)


Started GET "/assets/jquery_ujs.js?body=1" for 127.0.0.1 at 2012-10-02 17:19:41 -0600
Served asset /jquery_ujs.js - 304 Not Modified (0ms)


Started GET "/assets/admins.js?body=1" for 127.0.0.1 at 2012-10-02 17:19:41 -0600
Served asset /admins.js - 304 Not Modified (0ms)


Started GET "/assets/block_kinds.js?body=1" for 127.0.0.1 at 2012-10-02 17:19:41 -0600
Served asset /block_kinds.js - 304 Not Modified (0ms)


Started GET "/assets/application.js?body=1" for 127.0.0.1 at 2012-10-02 17:19:41 -0600
Served asset /application.js - 304 Not Modified (0ms)


Started GET "/assets/main.js?body=1" for 127.0.0.1 at 2012-10-02 17:19:41 -0600
Served asset /main.js - 304 Not Modified (0ms)


Started GET "/post_page/1" for 127.0.0.1 at 2012-10-02 17:19:48 -0600
Processing by MainController#post as HTML
  Parameters: {"id"=>"1"}
  [1m[36mPost Load (0.4ms)[0m  [1mSELECT `posts`.* FROM `posts` WHERE `posts`.`id` = 1 LIMIT 1[0m
  Rendered main/post.html.erb within layouts/application (0.5ms)
Completed 200 OK in 12ms (Views: 10.4ms | ActiveRecord: 0.4ms)


Started GET "/assets/application.css?body=1" for 127.0.0.1 at 2012-10-02 17:19:48 -0600
Served asset /application.css - 304 Not Modified (0ms)


Started GET "/assets/block_kinds.css?body=1" for 127.0.0.1 at 2012-10-02 17:19:48 -0600
Served asset /block_kinds.css - 304 Not Modified (0ms)


Started GET "/assets/main.css?body=1" for 127.0.0.1 at 2012-10-02 17:19:48 -0600
Served asset /main.css - 304 Not Modified (0ms)


Started GET "/assets/admins.css?body=1" for 127.0.0.1 at 2012-10-02 17:19:48 -0600
Served asset /admins.css - 304 Not Modified (0ms)


Started GET "/assets/scaffolds.css?body=1" for 127.0.0.1 at 2012-10-02 17:19:48 -0600
Served asset /scaffolds.css - 304 Not Modified (0ms)


Started GET "/assets/jquery.js?body=1" for 127.0.0.1 at 2012-10-02 17:19:48 -0600
Served asset /jquery.js - 304 Not Modified (0ms)


Started GET "/assets/jquery_ujs.js?body=1" for 127.0.0.1 at 2012-10-02 17:19:48 -0600
Served asset /jquery_ujs.js - 304 Not Modified (0ms)


Started GET "/assets/admins.js?body=1" for 127.0.0.1 at 2012-10-02 17:19:48 -0600
Served asset /admins.js - 304 Not Modified (0ms)


Started GET "/assets/block_kinds.js?body=1" for 127.0.0.1 at 2012-10-02 17:19:48 -0600
Served asset /block_kinds.js - 304 Not Modified (0ms)


Started GET "/assets/main.js?body=1" for 127.0.0.1 at 2012-10-02 17:19:48 -0600
Served asset /main.js - 304 Not Modified (0ms)


Started GET "/assets/application.js?body=1" for 127.0.0.1 at 2012-10-02 17:19:48 -0600
Served asset /application.js - 304 Not Modified (0ms)


Started GET "/post_page/2" for 127.0.0.1 at 2012-10-02 17:19:52 -0600
Processing by MainController#post as HTML
  Parameters: {"id"=>"2"}
  [1m[35mPost Load (0.4ms)[0m  SELECT `posts`.* FROM `posts` WHERE `posts`.`id` = 2 LIMIT 1
  Rendered main/post.html.erb within layouts/application (0.1ms)
Completed 200 OK in 11ms (Views: 9.2ms | ActiveRecord: 0.4ms)


Started GET "/assets/application.css?body=1" for 127.0.0.1 at 2012-10-02 17:19:52 -0600
Served asset /application.css - 304 Not Modified (0ms)


Started GET "/assets/block_kinds.css?body=1" for 127.0.0.1 at 2012-10-02 17:19:52 -0600
Served asset /block_kinds.css - 304 Not Modified (0ms)


Started GET "/assets/main.css?body=1" for 127.0.0.1 at 2012-10-02 17:19:52 -0600
Served asset /main.css - 304 Not Modified (0ms)


Started GET "/assets/scaffolds.css?body=1" for 127.0.0.1 at 2012-10-02 17:19:52 -0600
Served asset /scaffolds.css - 304 Not Modified (0ms)


Started GET "/assets/admins.css?body=1" for 127.0.0.1 at 2012-10-02 17:19:52 -0600
Served asset /admins.css - 304 Not Modified (0ms)


Started GET "/assets/jquery.js?body=1" for 127.0.0.1 at 2012-10-02 17:19:52 -0600
Served asset /jquery.js - 304 Not Modified (0ms)


Started GET "/assets/admins.js?body=1" for 127.0.0.1 at 2012-10-02 17:19:52 -0600
Served asset /admins.js - 304 Not Modified (0ms)


Started GET "/assets/jquery_ujs.js?body=1" for 127.0.0.1 at 2012-10-02 17:19:52 -0600
Served asset /jquery_ujs.js - 304 Not Modified (0ms)


Started GET "/assets/block_kinds.js?body=1" for 127.0.0.1 at 2012-10-02 17:19:52 -0600
Served asset /block_kinds.js - 304 Not Modified (0ms)


Started GET "/assets/main.js?body=1" for 127.0.0.1 at 2012-10-02 17:19:52 -0600
Served asset /main.js - 304 Not Modified (0ms)


Started GET "/assets/application.js?body=1" for 127.0.0.1 at 2012-10-02 17:19:52 -0600
Served asset /application.js - 304 Not Modified (0ms)


Started GET "/" for 127.0.0.1 at 2012-10-02 17:21:10 -0600
Processing by MainController#index as HTML
  [1m[36mPost Load (0.3ms)[0m  [1mSELECT `posts`.* FROM `posts` ORDER BY id DESC LIMIT 5[0m
  Rendered application/_post.html.erb (1.7ms)
  Rendered main/index.html.erb within layouts/application (3.7ms)
Completed 200 OK in 10ms (Views: 9.3ms | ActiveRecord: 0.3ms)


Started GET "/assets/admins.css?body=1" for 127.0.0.1 at 2012-10-02 17:21:10 -0600
Served asset /admins.css - 304 Not Modified (0ms)


Started GET "/assets/block_kinds.css?body=1" for 127.0.0.1 at 2012-10-02 17:21:10 -0600
Served asset /block_kinds.css - 304 Not Modified (0ms)


Started GET "/assets/scaffolds.css?body=1" for 127.0.0.1 at 2012-10-02 17:21:10 -0600
Served asset /scaffolds.css - 304 Not Modified (0ms)


Started GET "/assets/main.css?body=1" for 127.0.0.1 at 2012-10-02 17:21:10 -0600
Served asset /main.css - 304 Not Modified (0ms)


Started GET "/assets/application.css?body=1" for 127.0.0.1 at 2012-10-02 17:21:10 -0600
Served asset /application.css - 304 Not Modified (0ms)


Started GET "/assets/jquery.js?body=1" for 127.0.0.1 at 2012-10-02 17:21:10 -0600
Served asset /jquery.js - 304 Not Modified (0ms)


Started GET "/assets/jquery_ujs.js?body=1" for 127.0.0.1 at 2012-10-02 17:21:10 -0600
Served asset /jquery_ujs.js - 304 Not Modified (0ms)


Started GET "/assets/admins.js?body=1" for 127.0.0.1 at 2012-10-02 17:21:10 -0600
Served asset /admins.js - 304 Not Modified (0ms)


Started GET "/assets/block_kinds.js?body=1" for 127.0.0.1 at 2012-10-02 17:21:10 -0600
Served asset /block_kinds.js - 304 Not Modified (0ms)


Started GET "/assets/main.js?body=1" for 127.0.0.1 at 2012-10-02 17:21:10 -0600
Served asset /main.js - 304 Not Modified (0ms)


Started GET "/assets/application.js?body=1" for 127.0.0.1 at 2012-10-02 17:21:10 -0600
Served asset /application.js - 304 Not Modified (0ms)


Started GET "/" for 127.0.0.1 at 2012-10-02 17:24:53 -0600
Processing by MainController#index as HTML
  [1m[35mPost Load (0.2ms)[0m  SELECT `posts`.* FROM `posts` ORDER BY id DESC LIMIT 5
  Rendered application/_post.html.erb (1.9ms)
  Rendered main/index.html.erb within layouts/application (14.6ms)
Completed 200 OK in 32ms (Views: 21.3ms | ActiveRecord: 2.5ms)


Started GET "/assets/application.css?body=1" for 127.0.0.1 at 2012-10-02 17:24:53 -0600
Served asset /application.css - 304 Not Modified (0ms)


Started GET "/assets/main.css?body=1" for 127.0.0.1 at 2012-10-02 17:24:53 -0600
Served asset /main.css - 304 Not Modified (0ms)


Started GET "/assets/scaffolds.css?body=1" for 127.0.0.1 at 2012-10-02 17:24:53 -0600
Served asset /scaffolds.css - 304 Not Modified (0ms)


Started GET "/assets/block_kinds.css?body=1" for 127.0.0.1 at 2012-10-02 17:24:53 -0600
Served asset /block_kinds.css - 304 Not Modified (0ms)


Started GET "/assets/admins.css?body=1" for 127.0.0.1 at 2012-10-02 17:24:53 -0600
Served asset /admins.css - 304 Not Modified (0ms)


Started GET "/assets/jquery.js?body=1" for 127.0.0.1 at 2012-10-02 17:24:53 -0600
Served asset /jquery.js - 304 Not Modified (0ms)


Started GET "/assets/jquery_ujs.js?body=1" for 127.0.0.1 at 2012-10-02 17:24:53 -0600
Served asset /jquery_ujs.js - 304 Not Modified (0ms)


Started GET "/assets/admins.js?body=1" for 127.0.0.1 at 2012-10-02 17:24:53 -0600
Served asset /admins.js - 304 Not Modified (0ms)


Started GET "/assets/block_kinds.js?body=1" for 127.0.0.1 at 2012-10-02 17:24:53 -0600
Served asset /block_kinds.js - 304 Not Modified (0ms)


Started GET "/assets/main.js?body=1" for 127.0.0.1 at 2012-10-02 17:24:53 -0600
Served asset /main.js - 304 Not Modified (0ms)


Started GET "/assets/application.js?body=1" for 127.0.0.1 at 2012-10-02 17:24:53 -0600
Served asset /application.js - 304 Not Modified (0ms)


Started GET "/" for 127.0.0.1 at 2012-10-02 17:25:34 -0600
Processing by MainController#index as HTML
  [1m[36mPost Load (0.3ms)[0m  [1mSELECT `posts`.* FROM `posts` ORDER BY id DESC LIMIT 5[0m
  Rendered application/_post.html.erb (1.9ms)
  Rendered main/index.html.erb within layouts/application (14.6ms)
Completed 200 OK in 28ms (Views: 19.2ms | ActiveRecord: 2.6ms)


Started GET "/assets/scaffolds.css?body=1" for 127.0.0.1 at 2012-10-02 17:25:34 -0600
Served asset /scaffolds.css - 304 Not Modified (0ms)


Started GET "/assets/application.css?body=1" for 127.0.0.1 at 2012-10-02 17:25:34 -0600
Served asset /application.css - 304 Not Modified (0ms)


Started GET "/assets/admins.css?body=1" for 127.0.0.1 at 2012-10-02 17:25:34 -0600
Served asset /admins.css - 304 Not Modified (0ms)


Started GET "/assets/block_kinds.css?body=1" for 127.0.0.1 at 2012-10-02 17:25:34 -0600
Served asset /block_kinds.css - 304 Not Modified (0ms)


Started GET "/assets/main.css?body=1" for 127.0.0.1 at 2012-10-02 17:25:34 -0600
Served asset /main.css - 304 Not Modified (0ms)


Started GET "/assets/jquery.js?body=1" for 127.0.0.1 at 2012-10-02 17:25:34 -0600
Served asset /jquery.js - 304 Not Modified (0ms)


Started GET "/assets/jquery_ujs.js?body=1" for 127.0.0.1 at 2012-10-02 17:25:34 -0600
Served asset /jquery_ujs.js - 304 Not Modified (0ms)


Started GET "/assets/admins.js?body=1" for 127.0.0.1 at 2012-10-02 17:25:34 -0600
Served asset /admins.js - 304 Not Modified (0ms)


Started GET "/assets/block_kinds.js?body=1" for 127.0.0.1 at 2012-10-02 17:25:34 -0600
Served asset /block_kinds.js - 304 Not Modified (0ms)


Started GET "/assets/main.js?body=1" for 127.0.0.1 at 2012-10-02 17:25:34 -0600
Served asset /main.js - 304 Not Modified (0ms)


Started GET "/assets/application.js?body=1" for 127.0.0.1 at 2012-10-02 17:25:34 -0600
Served asset /application.js - 304 Not Modified (0ms)


Started GET "/" for 127.0.0.1 at 2012-10-02 17:25:44 -0600
Processing by MainController#index as HTML
  [1m[35mPost Load (0.9ms)[0m  SELECT `posts`.* FROM `posts` ORDER BY id DESC LIMIT 5
  Rendered application/_post.html.erb (1.9ms)
  Rendered main/index.html.erb within layouts/application (21.4ms)
Completed 200 OK in 35ms (Views: 25.4ms | ActiveRecord: 2.9ms)


Started GET "/assets/application.css?body=1" for 127.0.0.1 at 2012-10-02 17:25:44 -0600
Served asset /application.css - 304 Not Modified (0ms)


Started GET "/assets/admins.css?body=1" for 127.0.0.1 at 2012-10-02 17:25:44 -0600
Served asset /admins.css - 304 Not Modified (0ms)


Started GET "/assets/scaffolds.css?body=1" for 127.0.0.1 at 2012-10-02 17:25:44 -0600
Served asset /scaffolds.css - 304 Not Modified (0ms)


Started GET "/assets/main.css?body=1" for 127.0.0.1 at 2012-10-02 17:25:44 -0600
Served asset /main.css - 304 Not Modified (0ms)


Started GET "/assets/block_kinds.css?body=1" for 127.0.0.1 at 2012-10-02 17:25:44 -0600
Served asset /block_kinds.css - 304 Not Modified (0ms)


Started GET "/assets/jquery.js?body=1" for 127.0.0.1 at 2012-10-02 17:25:44 -0600
Served asset /jquery.js - 304 Not Modified (0ms)


Started GET "/assets/jquery_ujs.js?body=1" for 127.0.0.1 at 2012-10-02 17:25:44 -0600
Served asset /jquery_ujs.js - 304 Not Modified (0ms)


Started GET "/assets/admins.js?body=1" for 127.0.0.1 at 2012-10-02 17:25:44 -0600
Served asset /admins.js - 304 Not Modified (0ms)


Started GET "/assets/block_kinds.js?body=1" for 127.0.0.1 at 2012-10-02 17:25:44 -0600
Served asset /block_kinds.js - 304 Not Modified (0ms)


Started GET "/assets/main.js?body=1" for 127.0.0.1 at 2012-10-02 17:25:44 -0600
Served asset /main.js - 304 Not Modified (0ms)


Started GET "/assets/application.js?body=1" for 127.0.0.1 at 2012-10-02 17:25:44 -0600
Served asset /application.js - 304 Not Modified (0ms)


Started GET "/" for 127.0.0.1 at 2012-10-02 17:25:58 -0600
Processing by MainController#index as HTML
  [1m[36mPost Load (0.2ms)[0m  [1mSELECT `posts`.* FROM `posts` ORDER BY id DESC LIMIT 5[0m
  Rendered application/_post.html.erb (1.9ms)
  Rendered main/index.html.erb within layouts/application (14.2ms)
Completed 200 OK in 27ms (Views: 18.7ms | ActiveRecord: 2.3ms)


Started GET "/assets/admins.css?body=1" for 127.0.0.1 at 2012-10-02 17:25:58 -0600
Served asset /admins.css - 304 Not Modified (0ms)


Started GET "/assets/main.css?body=1" for 127.0.0.1 at 2012-10-02 17:25:58 -0600
Served asset /main.css - 304 Not Modified (0ms)


Started GET "/assets/block_kinds.css?body=1" for 127.0.0.1 at 2012-10-02 17:25:58 -0600
Served asset /block_kinds.css - 304 Not Modified (0ms)


Started GET "/assets/application.css?body=1" for 127.0.0.1 at 2012-10-02 17:25:58 -0600
Served asset /application.css - 304 Not Modified (0ms)


Started GET "/assets/scaffolds.css?body=1" for 127.0.0.1 at 2012-10-02 17:25:58 -0600
Served asset /scaffolds.css - 304 Not Modified (0ms)


Started GET "/assets/jquery.js?body=1" for 127.0.0.1 at 2012-10-02 17:25:58 -0600
Served asset /jquery.js - 304 Not Modified (0ms)


Started GET "/assets/jquery_ujs.js?body=1" for 127.0.0.1 at 2012-10-02 17:25:58 -0600
Served asset /jquery_ujs.js - 304 Not Modified (0ms)


Started GET "/assets/admins.js?body=1" for 127.0.0.1 at 2012-10-02 17:25:58 -0600
Served asset /admins.js - 304 Not Modified (0ms)


Started GET "/assets/block_kinds.js?body=1" for 127.0.0.1 at 2012-10-02 17:25:58 -0600
Served asset /block_kinds.js - 304 Not Modified (0ms)


Started GET "/assets/main.js?body=1" for 127.0.0.1 at 2012-10-02 17:25:58 -0600
Served asset /main.js - 304 Not Modified (0ms)


Started GET "/assets/application.js?body=1" for 127.0.0.1 at 2012-10-02 17:25:58 -0600
Served asset /application.js - 304 Not Modified (0ms)
